{
  "numFailedTestSuites": 2,
  "numFailedTests": 0,
  "numPassedTestSuites": 1,
  "numPassedTests": 2,
  "numPendingTestSuites": 0,
  "numPendingTests": 0,
  "numRuntimeErrorTestSuites": 2,
  "numTodoTests": 0,
  "numTotalTestSuites": 3,
  "numTotalTests": 2,
  "openHandles": [],
  "snapshot": {
    "added": 0,
    "didUpdate": false,
    "failure": false,
    "filesAdded": 0,
    "filesRemoved": 0,
    "filesRemovedList": [],
    "filesUnmatched": 0,
    "filesUpdated": 0,
    "matched": 0,
    "total": 0,
    "unchecked": 0,
    "uncheckedKeysByFile": [],
    "unmatched": 0,
    "updated": 0
  },
  "startTime": 1762330889878,
  "success": false,
  "testResults": [
    {
      "leaks": false,
      "numFailingTests": 0,
      "numPassingTests": 2,
      "numPendingTests": 0,
      "numTodoTests": 0,
      "openHandles": [],
      "perfStats": {
        "end": 1762330889977,
        "runtime": 71,
        "slow": false,
        "start": 1762330889906
      },
      "skipped": false,
      "snapshot": {
        "added": 0,
        "fileDeleted": false,
        "matched": 0,
        "unchecked": 0,
        "uncheckedKeys": [],
        "unmatched": 0,
        "updated": 0
      },
      "testFilePath": "/Users/carlosgomez/Desktop/the-bridge/ejercicio_API_REST_films_con_test/test/env.test.js",
      "testResults": [
        {
          "ancestorTitles": [
            "Environment setup"
          ],
          "duration": 1,
          "failureDetails": [],
          "failureMessages": [],
          "fullName": "Environment setup should have a .env file in the root directory",
          "invocations": 1,
          "location": null,
          "numPassingAsserts": 1,
          "retryReasons": [],
          "status": "passed",
          "title": "should have a .env file in the root directory"
        },
        {
          "ancestorTitles": [
            "Environment setup"
          ],
          "duration": 4,
          "failureDetails": [],
          "failureMessages": [],
          "fullName": "Environment setup should have API_KEY defined in the .env file",
          "invocations": 1,
          "location": null,
          "numPassingAsserts": 2,
          "retryReasons": [],
          "status": "passed",
          "title": "should have API_KEY defined in the .env file"
        }
      ],
      "failureMessage": null
    },
    {
      "failureMessage": "  \u001b[1m● \u001b[22mTest suite failed to run\n\n    ReferenceError: title is not defined\n\n    \u001b[0m \u001b[90m 13 |\u001b[39m }\u001b[0m\n    \u001b[0m \u001b[90m 14 |\u001b[39m\u001b[0m\n    \u001b[0m\u001b[31m\u001b[1m>\u001b[22m\u001b[39m\u001b[90m 15 |\u001b[39m module\u001b[33m.\u001b[39mexports \u001b[33m=\u001b[39m fetchFilm(title)\u001b[0m\n    \u001b[0m \u001b[90m    |\u001b[39m                            \u001b[31m\u001b[1m^\u001b[22m\u001b[39m\u001b[0m\n\n      \u001b[2mat Object.title (\u001b[22mutils/fetchFilms.js\u001b[2m:15:28)\u001b[22m\n      \u001b[2mat Object.require (\u001b[22mcontrollers/films.controllers.js\u001b[2m:1:23)\u001b[22m\n      \u001b[2mat Object.require (\u001b[22mroutes/films.js\u001b[2m:2:25)\u001b[22m\n      \u001b[2mat Object.require (\u001b[22mapp.js\u001b[2m:10:21)\u001b[22m\n      \u001b[2mat Object.require (\u001b[22m\u001b[0m\u001b[36mtest/films.test.js\u001b[39m\u001b[0m\u001b[2m:2:13)\u001b[22m\n",
      "leaks": false,
      "numFailingTests": 0,
      "numPassingTests": 0,
      "numPendingTests": 0,
      "numTodoTests": 0,
      "openHandles": [],
      "perfStats": {
        "end": 0,
        "runtime": 0,
        "slow": false,
        "start": 0
      },
      "skipped": false,
      "snapshot": {
        "added": 0,
        "fileDeleted": false,
        "matched": 0,
        "unchecked": 0,
        "uncheckedKeys": [],
        "unmatched": 0,
        "updated": 0
      },
      "testExecError": {},
      "testFilePath": "/Users/carlosgomez/Desktop/the-bridge/ejercicio_API_REST_films_con_test/test/films.test.js",
      "testResults": []
    },
    {
      "failureMessage": "  \u001b[1m● \u001b[22mTest suite failed to run\n\n    ReferenceError: title is not defined\n\n    \u001b[0m \u001b[90m 13 |\u001b[39m }\u001b[0m\n    \u001b[0m \u001b[90m 14 |\u001b[39m\u001b[0m\n    \u001b[0m\u001b[31m\u001b[1m>\u001b[22m\u001b[39m\u001b[90m 15 |\u001b[39m module\u001b[33m.\u001b[39mexports \u001b[33m=\u001b[39m fetchFilm(title)\u001b[0m\n    \u001b[0m \u001b[90m    |\u001b[39m                            \u001b[31m\u001b[1m^\u001b[22m\u001b[39m\u001b[0m\n\n      \u001b[2mat Object.title (\u001b[22mutils/fetchFilms.js\u001b[2m:15:28)\u001b[22m\n      \u001b[2mat Object.<anonymous> (\u001b[22m\u001b[0m\u001b[36mtest/fetchFilms.test.js\u001b[39m\u001b[0m\u001b[2m:1:49)\u001b[22m\n",
      "leaks": false,
      "numFailingTests": 0,
      "numPassingTests": 0,
      "numPendingTests": 0,
      "numTodoTests": 0,
      "openHandles": [],
      "perfStats": {
        "end": 0,
        "runtime": 0,
        "slow": false,
        "start": 0
      },
      "skipped": false,
      "snapshot": {
        "added": 0,
        "fileDeleted": false,
        "matched": 0,
        "unchecked": 0,
        "uncheckedKeys": [],
        "unmatched": 0,
        "updated": 0
      },
      "testExecError": {},
      "testFilePath": "/Users/carlosgomez/Desktop/the-bridge/ejercicio_API_REST_films_con_test/test/fetchFilms.test.js",
      "testResults": []
    }
  ],
  "wasInterrupted": false
}